2026-02-27 10:58:03,882 - INFO - User a@test.com found
2026-02-27 10:58:03,882 - ERROR - User x@test.com not found
2026-02-27 10:58:03,882 - CRITICAL - Exception caught: User with email x@test.com not found
2026-02-28 05:56:04,732 - INFO - User a@test.com found
2026-02-28 05:56:04,733 - ERROR - User x@test.com not found
2026-02-28 05:56:04,733 - CRITICAL - Exception caught: User with email x@test.com not found
2026-02-28 05:57:02,630 - INFO - User a@test.com found
2026-02-28 05:57:02,631 - ERROR - User x@test.com not found
2026-02-28 05:57:02,631 - CRITICAL - Exception caught: User with email x@test.com not found
2026-02-28 05:57:40,160 - INFO - User a@test.com found
2026-02-28 05:57:40,160 - ERROR - User x@test.com not found
2026-02-28 05:57:40,161 - CRITICAL - Exception caught: User with email x@test.com not found
2026-02-28 06:16:58,662 - INFO - User a@test.com found
2026-02-28 06:16:58,662 - ERROR - User x@test.com not found
2026-02-28 06:16:58,662 - CRITICAL - Exception caught: User with email x@test.com not found
2026-02-28 06:21:02,468 - INFO - User a@test.com found
2026-02-28 06:21:02,469 - ERROR - User x@test.com not found
2026-02-28 06:21:02,469 - CRITICAL - Exception caught: User with email x@test.com not found
2026-03-02 11:08:27,184 - INFO - Adding user c@test.com
2026-03-02 11:08:27,184 - INFO - Removing user a@test.com
2026-03-02 11:08:27,185 - INFO - Users saved to users.json
2026-03-02 11:08:27,185 - ERROR - User x@test.com not found
2026-03-02 11:08:27,185 - CRITICAL - Exception caught: User with email x@test.com not found
2026-03-02 11:08:41,932 - INFO - Adding user c@test.com
2026-03-02 11:08:41,932 - ERROR - User a@test.com not found for removal
2026-03-02 11:08:58,319 - INFO - Adding user c@test.com
2026-03-02 11:08:58,319 - ERROR - User a@test.com not found for removal
